This is pdfTeX, Version 3.141592653-2.6-1.40.25 (TeX Live 2023/Homebrew) (preloaded format=pdflatex 2023.3.21)  18 MAY 2023 22:20
entering extended mode
 restricted \write18 enabled.
 %&-line parsing enabled.
**softwarereport.tex
(./softwarereport.tex
LaTeX2e <2022-11-01> patch level 1
L3 programming layer <2023-02-22>
(/opt/homebrew/Cellar/texlive/20230313/share/texmf-dist/tex/latex/base/article.
cls
Document Class: article 2022/07/02 v1.4n Standard LaTeX document class

(/opt/homebrew/Cellar/texlive/20230313/share/texmf-dist/tex/latex/base/size10.c
lo
File: size10.clo 2022/07/02 v1.4n Standard LaTeX file (size option)
)
\c@part=\count185
\c@section=\count186
\c@subsection=\count187
\c@subsubsection=\count188
\c@paragraph=\count189
\c@subparagraph=\count190
\c@figure=\count191
\c@table=\count192
\abovecaptionskip=\skip48
\belowcaptionskip=\skip49
\bibindent=\dimen140
)
(/opt/homebrew/Cellar/texlive/20230313/share/texmf-dist/tex/latex/graphics/grap
hicx.sty
Package: graphicx 2021/09/16 v1.2d Enhanced LaTeX Graphics (DPC,SPQR)

(/opt/homebrew/Cellar/texlive/20230313/share/texmf-dist/tex/latex/graphics/keyv
al.sty
Package: keyval 2022/05/29 v1.15 key=value parser (DPC)
\KV@toks@=\toks16
)
(/opt/homebrew/Cellar/texlive/20230313/share/texmf-dist/tex/latex/graphics/grap
hics.sty
Package: graphics 2022/03/10 v1.4e Standard LaTeX Graphics (DPC,SPQR)

(/opt/homebrew/Cellar/texlive/20230313/share/texmf-dist/tex/latex/graphics/trig
.sty
Package: trig 2021/08/11 v1.11 sin cos tan (DPC)
)
(/opt/homebrew/Cellar/texlive/20230313/share/texmf-dist/tex/latex/graphics-cfg/
graphics.cfg
File: graphics.cfg 2016/06/04 v1.11 sample graphics configuration
)
Package graphics Info: Driver file: pdftex.def on input line 107.

(/opt/homebrew/Cellar/texlive/20230313/share/texmf-dist/tex/latex/graphics-def/
pdftex.def
File: pdftex.def 2022/09/22 v1.2b Graphics/color driver for pdftex
))
\Gin@req@height=\dimen141
\Gin@req@width=\dimen142
)
(/opt/homebrew/Cellar/texlive/20230313/share/texmf-dist/tex/latex/l3backend/l3b
ackend-pdftex.def
File: l3backend-pdftex.def 2023-01-16 L3 backend support: PDF output (pdfTeX)
\l__color_backend_stack_int=\count193
\l__pdf_internal_box=\box51
) (./softwarereport.aux)
\openout1 = `softwarereport.aux'.

LaTeX Font Info:    Checking defaults for OML/cmm/m/it on input line 8.
LaTeX Font Info:    ... okay on input line 8.
LaTeX Font Info:    Checking defaults for OMS/cmsy/m/n on input line 8.
LaTeX Font Info:    ... okay on input line 8.
LaTeX Font Info:    Checking defaults for OT1/cmr/m/n on input line 8.
LaTeX Font Info:    ... okay on input line 8.
LaTeX Font Info:    Checking defaults for T1/cmr/m/n on input line 8.
LaTeX Font Info:    ... okay on input line 8.
LaTeX Font Info:    Checking defaults for TS1/cmr/m/n on input line 8.
LaTeX Font Info:    ... okay on input line 8.
LaTeX Font Info:    Checking defaults for OMX/cmex/m/n on input line 8.
LaTeX Font Info:    ... okay on input line 8.
LaTeX Font Info:    Checking defaults for U/cmr/m/n on input line 8.
LaTeX Font Info:    ... okay on input line 8.

(/opt/homebrew/Cellar/texlive/20230313/share/texmf-dist/tex/context/base/mkii/s
upp-pdf.mkii
[Loading MPS to PDF converter (version 2006.09.02).]
\scratchcounter=\count194
\scratchdimen=\dimen143
\scratchbox=\box52
\nofMPsegments=\count195
\nofMParguments=\count196
\everyMPshowfont=\toks17
\MPscratchCnt=\count197
\MPscratchDim=\dimen144
\MPnumerator=\count198
\makeMPintoPDFobject=\count199
\everyMPtoPDFconversion=\toks18
)
(/opt/homebrew/Cellar/texlive/20230313/share/texmf-dist/tex/latex/epstopdf-pkg/
epstopdf-base.sty
Package: epstopdf-base 2020-01-24 v2.11 Base part for package epstopdf
Package epstopdf-base Info: Redefining graphics rule for `.eps' on input line 4
85.

(/opt/homebrew/Cellar/texlive/20230313/share/texmf-dist/tex/latex/latexconfig/e
pstopdf-sys.cfg
File: epstopdf-sys.cfg 2010/07/13 v1.3 Configuration of (r)epstopdf for TeX Liv
e
))
LaTeX Font Info:    External font `cmex10' loaded for size
(Font)              <12> on input line 10.
LaTeX Font Info:    External font `cmex10' loaded for size
(Font)              <8> on input line 10.
LaTeX Font Info:    External font `cmex10' loaded for size
(Font)              <6> on input line 10.
 [1

{/opt/homebrew/Cellar/texlive/20230313/share/texmf-dist/fonts/map/pdftex/updmap
/pdftex.map}{/opt/homebrew/Cellar/texlive/20230313/share/texmf-dist/fonts/enc/d
vips/cm-super/cm-super-ts1.enc}]
Overfull \hbox (2.4183pt too wide) in paragraph at lines 49--51
[]\OT1/cmr/m/n/10 The \OT1/cmtt/m/n/10 play[]song() \OT1/cmr/m/n/10 func-tion p
lays the cur-rent song us-ing the \OT1/cmtt/m/n/10 playsound
 []

<screenshot.jpg, id=12, 955.57pt x 1096.095pt>
File: screenshot.jpg Graphic file (type jpg)
<use screenshot.jpg>
Package pdftex.def Info: screenshot.jpg  used on input line 64.
(pdftex.def)             Requested size: 82.8019pt x 94.96478pt.
[2 <./screenshot.jpg>] (./softwarereport.aux) ) 
Here is how much of TeX's memory you used:
 1311 strings out of 476025
 22411 string characters out of 5780034
 1856388 words of memory out of 5000000
 21797 multiletter control sequences out of 15000+600000
 516430 words of font info for 46 fonts, out of 8000000 for 9000
 1141 hyphenation exceptions out of 8191
 57i,6n,62p,379b,241s stack positions out of 10000i,1000n,20000p,200000b,200000s
</opt/homebrew/Cellar/texlive/20
230313/share/texmf-dist/fonts/type1/public/amsfonts/cm/cmbx12.pfb></opt/homebre
w/Cellar/texlive/20230313/share/texmf-dist/fonts/type1/public/amsfonts/cm/cmr10
.pfb></opt/homebrew/Cellar/texlive/20230313/share/texmf-dist/fonts/type1/public
/amsfonts/cm/cmr12.pfb></opt/homebrew/Cellar/texlive/20230313/share/texmf-dist/
fonts/type1/public/amsfonts/cm/cmr17.pfb></opt/homebrew/Cellar/texlive/20230313
/share/texmf-dist/fonts/type1/public/amsfonts/cm/cmtt10.pfb></opt/homebrew/Cell
ar/texlive/20230313/share/texmf-dist/fonts/type1/public/cm-super/sfrm1000.pfb>
Output written on softwarereport.pdf (2 pages, 171569 bytes).
PDF statistics:
 43 PDF objects out of 1000 (max. 8388607)
 25 compressed objects within 1 object stream
 0 named destinations out of 1000 (max. 500000)
 6 words of extra memory for PDF output out of 10000 (max. 10000000)

